<?xml version="1.0" encoding="UTF-8"?>
<testsuite name="Chrome "
           tests="2"
           failures="0"
           errors="0"
           skipped="0"
           time="23.099">
  <properties />
  
  
            <testcase name="all_element_present" time="10.189" classname="com.annectos.webdriver.TestCases.SeepCases.SeepProfilePageCases" />
                <testcase name="It_should_give_alert_to_enter_first_name" time="12.910" classname="com.annectos.webdriver.TestCases.SeepCases.SeepProfilePageCases" />
      
</testsuite>
